ForgeAI Services Restart Script
================================
Restarting services for application: demo
Frontend port: 7062
Backend port: 7063
Stopping existing processes...
Killing frontend processes on port 7062: 1185
Killing frontend PID: 1185
Killing backend processes on port 7063: 1186
1541
Killing backend PID: 1186
Killing backend PID: 1541
Starting backend...
Installing requirements...
Using backend file: main_back.py
Setting root_path to: /admin/demo
Backend started with PID: 1548
Starting frontend...
Using frontend file: main_front.py
Using path-based URL: admin/demo
Frontend started with PID: 1549
Services restarted successfully!
================================
